android/app/build/outputs/mapping/release/seeds.txt
com.shiningbrowsacademy.experts.MainActivity$onCreate$3
com.shiningbrowsacademy.experts.MainActivity$onCreate$4$onCreateWindow$1
com.shiningbrowsacademy.experts.R$string
com.shiningbrowsacademy.experts.MainActivity
com.shiningbrowsacademy.experts.R$style
com.shiningbrowsacademy.experts.R$layout
com.shiningbrowsacademy.experts.MainActivity$onCreate$4
com.shiningbrowsacademy.experts.MainActivity$onCreate$5
com.shiningbrowsacademy.experts.R$mipmap
com.shiningbrowsacademy.experts.R$id
com.shiningbrowsacademy.experts.R
com.shiningbrowsacademy.experts.MainActivity: android.webkit.WebView webView
com.shiningbrowsacademy.experts.MainActivity$onCreate$5: com.shiningbrowsacademy.experts.MainActivity this$0
com.shiningbrowsacademy.experts.R$mipmap: int ic_launcher_round
com.shiningbrowsacademy.experts.R$style: int Theme_ShiningBrows
com.shiningbrowsacademy.experts.MainActivity$onCreate$4$onCreateWindow$1: com.shiningbrowsacademy.experts.MainActivity this$0
com.shiningbrowsacademy.experts.MainActivity: android.widget.ProgressBar progressBar
com.shiningbrowsacademy.experts.MainActivity$onCreate$3: com.shiningbrowsacademy.experts.MainActivity this$0
com.shiningbrowsacademy.experts.R$mipmap: int ic_launcher
com.shiningbrowsacademy.experts.R$id: int progressBar
com.shiningbrowsacademy.experts.R$id: int webView
com.shiningbrowsacademy.experts.R$string: int app_name
com.shiningbrowsacademy.experts.MainActivity: android.webkit.ValueCallback fileChooserCallback
com.shiningbrowsacademy.experts.MainActivity: androidx.activity.result.ActivityResultLauncher fileChooserLauncher
com.shiningbrowsacademy.experts.MainActivity$onCreate$4: com.shiningbrowsacademy.experts.MainActivity this$0
com.shiningbrowsacademy.experts.R$layout: int activity_main
com.shiningbrowsacademy.experts.R$mipmap: R$mipmap()
com.shiningbrowsacademy.experts.MainActivity$onCreate$3: void onPageFinished(android.webkit.WebView,java.lang.String)
com.shiningbrowsacademy.experts.R$string: R$string()
com.shiningbrowsacademy.experts.MainActivity$onCreate$4: boolean onCreateWindow(android.webkit.WebView,boolean,boolean,android.os.Message)
com.shiningbrowsacademy.experts.MainActivity$onCreate$3: void onPageStarted(android.webkit.WebView,java.lang.String,android.graphics.Bitmap)
com.shiningbrowsacademy.experts.MainActivity: androidx.activity.result.ActivityResultLauncher access$getFileChooserLauncher$p(com.shiningbrowsacademy.experts.MainActivity)
com.shiningbrowsacademy.experts.MainActivity$onCreate$3: MainActivity$onCreate$3(com.shiningbrowsacademy.experts.MainActivity)
com.shiningbrowsacademy.experts.MainActivity: MainActivity()
com.shiningbrowsacademy.experts.MainActivity: void access$setFileChooserCallback$p(com.shiningbrowsacademy.experts.MainActivity,android.webkit.ValueCallback)
com.shiningbrowsacademy.experts.MainActivity$onCreate$4: MainActivity$onCreate$4(com.shiningbrowsacademy.experts.MainActivity)
com.shiningbrowsacademy.experts.R: R()
com.shiningbrowsacademy.experts.MainActivity$onCreate$5: MainActivity$onCreate$5(com.shiningbrowsacademy.experts.MainActivity)
com.shiningbrowsacademy.experts.MainActivity: android.widget.ProgressBar access$getProgressBar$p(com.shiningbrowsacademy.experts.MainActivity)
com.shiningbrowsacademy.experts.MainActivity$onCreate$4: void onProgressChanged(android.webkit.WebView,int)
com.shiningbrowsacademy.experts.MainActivity: void onSaveInstanceState(android.os.Bundle)
com.shiningbrowsacademy.experts.MainActivity: void onCreate(android.os.Bundle)
com.shiningbrowsacademy.experts.R$style: R$style()
com.shiningbrowsacademy.experts.MainActivity: android.webkit.ValueCallback access$getFileChooserCallback$p(com.shiningbrowsacademy.experts.MainActivity)
com.shiningbrowsacademy.experts.MainActivity$onCreate$4: void onPermissionRequest(android.webkit.PermissionRequest)
com.shiningbrowsacademy.experts.MainActivity$onCreate$4: boolean onShowFileChooser(android.webkit.WebView,android.webkit.ValueCallback,android.webkit.WebChromeClient$FileChooserParams)
...
androidx.core.app.AppOpsManagerCompat$Api29Impl: android.app.AppOpsManager getSystemService(android.content.Context)
androidx.core.widget.TextViewCompat$Api28Impl: void setFirstBaselineToTopHeight(android.widget.TextView,int)
androidx.core.view.accessibility.AccessibilityNodeInfoCompat$Api33Impl: void setTextSelectable(android.view.accessibility.AccessibilityNodeInfo,boolean)
androidx.core.view.WindowInsetsCompat$Impl29: androidx.core.graphics.Insets getMandatorySystemGestureInsets()
androidx.core.app.ActivityCompat$Api23Impl: boolean shouldShowRequestPermissionRationale(android.app.Activity,java.lang.String)
androidx.appcompat.app.AlertController$RecycleListView: AlertController$RecycleListView(android.content.Context,android.util.AttributeSet)
androidx.core.view.ViewCompat$Api21Impl: androidx.core.view.WindowInsetsCompat computeSystemWindowInsets(android.view.View,androidx.core.view.WindowInsetsCompat,android.graphics.Rect)
androidx.appcompat.widget.AppCompatImageView: void setImageDrawable(android.graphics.drawable.Drawable)
androidx.appcompat.app.AppCompatDelegateImpl$Api33Impl: android.window.OnBackInvokedDispatcher getOnBackInvokedDispatcher(android.app.Activity)
androidx.profileinstaller.FileSectionType: androidx.profileinstaller.FileSectionType valueOf(java.lang.String)
androidx.appcompat.widget.LinearLayoutCompat: int getDividerWidth()
androidx.core.view.accessibility.AccessibilityNodeInfoCompat$Api33Impl: java.lang.String getUniqueId(android.view.accessibility.AccessibilityNodeInfo)
androidx.core.graphics.drawable.DrawableCompat$Api23Impl: boolean setLayoutDirection(android.graphics.drawable.Drawable,int)
androidx.activity.Api34Impl: float progress(android.window.BackEvent)
androidx.appcompat.app.AppCompatActivity: boolean supportShouldUpRecreateTask(android.content.Intent)
androidx.core.view.WindowInsetsCompat$BuilderImpl: void setSystemGestureInsets(androidx.core.graphics.Insets)
androidx.core.view.accessibility.AccessibilityNodeInfoCompat$Api34Impl: void setQueryFromAppProcessEnabled(android.view.accessibility.AccessibilityNodeInfo,android.view.View,boolean)
androidx.appcompat.view.menu.ActionMenuItemView: androidx.appcompat.view.menu.MenuItemImpl getItemData()
androidx.appcompat.widget.AppCompatImageButton: void setImageResource(int)
androidx.core.view.accessibility.AccessibilityNodeInfoCompat$Api30Impl: void setStateDescription(android.view.accessibility.AccessibilityNodeInfo,java.lang.CharSequence)
androidx.appcompat.widget.ActionBarOverlayLayout: void setUiOptions(int)
androidx.lifecycle.ReportFragment$LifecycleCallbacks: void onActivityStopped(android.app.Activity)
androidx.core.app.AppOpsManagerCompat$Api23Impl: java.lang.String permissionToOp(java.lang.String)
androidx.activity.OnBackPressedDispatcher$Api33Impl: android.window.OnBackInvokedCallback createOnBackInvokedCallback(kotlin.jvm.functions.Function0)
androidx.core.view.WindowInsetsCompat$Impl30: androidx.core.graphics.Insets getInsets(int)
androidx.appcompat.widget.ActionBarOverlayLayout: void setIcon(android.graphics.drawable.Drawable)
androidx.core.view.MenuItemCompat$Api26Impl: int getNumericModifiers(android.view.MenuItem)
androidx.vectordrawable.graphics.drawable.VectorDrawableCompat$VGroup: float getTranslateX()
androidx.appcompat.widget.AppCompatSpinner: void setDropDownHorizontalOffset(int)
androidx.core.view.MenuItemCompat$Api26Impl: android.view.MenuItem setTooltipText(android.view.MenuItem,java.lang.CharSequence)
androidx.appcompat.app.AppCompatActivity: void setContentView(android.view.View,android.view.ViewGroup$LayoutParams)
androidx.lifecycle.ReportFragment$LifecycleCallbacks: void onActivityStarted(android.app.Activity)
androidx.core.view.WindowInsetsCompat$Impl29: void setStableInsets(androidx.core.graphics.Insets)
androidx.activity.ComponentActivity: void onNewIntent(android.content.Intent)
androidx.activity.ComponentActivity: java.lang.Object onRetainCustomNonConfigurationInstance()