android/app/build/outputs/mapping/release/mapping.txt
# compiler: R8
# compiler_version: 8.7.18
# min_api: 21
# common_typos_disable
# {"id":"com.android.tools.r8.mapping","version":"2.2"}
# pg_map_id: ff4ab1a
# pg_map_hash: SHA-256 ff4ab1a66733514647f4962daf580619774b8dd06ae9b159dfd8bcaadb230114
com.shiningbrowsacademy.experts.MainActivity -> com.shiningbrowsacademy.experts.MainActivity:
# {"id":"sourceFile","fileName":"MainActivity.kt"}
    androidx.activity.result.ActivityResultLauncher fileChooserLauncher -> fileChooserLauncher
      # {"id":"com.android.tools.r8.residualsignature","signature":"Lb/c;"}
    1:3:void androidx.appcompat.app.AppCompatActivity.<init>():96:96 -> <init>
    1:3:void <init>():17 -> <init>
    4:17:void androidx.appcompat.app.AppCompatActivity.initDelegate():118:118 -> <init>
    4:17:void androidx.appcompat.app.AppCompatActivity.<init>():97 -> <init>
    4:17:void <init>():17 -> <init>
    18:25:void androidx.appcompat.app.AppCompatActivity.initDelegate():128:128 -> <init>
    18:25:void androidx.appcompat.app.AppCompatActivity.<init>():97 -> <init>
    18:25:void <init>():17 -> <init>
    26:28:void <init>():24:24 -> <init>
    29:31:void androidx.activity.result.contract.ActivityResultContract.<init>():29:29 -> <init>
    29:31:void androidx.activity.result.contract.ActivityResultContracts$StartActivityForResult.<init>():59 -> <init>
    29:31:void <init>():24 -> <init>
    32:43:void <init>():23:23 -> <init>
    1:3:android.webkit.ValueCallback access$getFileChooserCallback$p(com.shiningbrowsacademy.experts.MainActivity):17:17 -> access$getFileChooserCallback$p
    1:3:androidx.activity.result.ActivityResultLauncher access$getFileChooserLauncher$p(com.shiningbrowsacademy.experts.MainActivity):17:17 -> access$getFileChooserLauncher$p
com.shiningbrowsacademy.experts.MainActivity$onCreate$3 -> com.shiningbrowsacademy.experts.MainActivity$onCreate$3:
# {"id":"sourceFile","fileName":"MainActivity.kt"}
    3:6:void <init>(com.shiningbrowsacademy.experts.MainActivity):63:63 -> <init>
    11:31:void onPageFinished(android.webkit.WebView,java.lang.String):69:69 -> onPageFinished
    11:30:void onPageStarted(android.webkit.WebView,java.lang.String,android.graphics.Bitmap):65:65 -> onPageStarted
    11:23:boolean shouldOverrideUrlLoading(android.webkit.WebView,android.webkit.WebResourceRequest):73:73 -> shouldOverrideUrlLoading
    24:32:boolean kotlin.text.StringsKt__StringsJVMKt.startsWith(java.lang.String,java.lang.String,boolean):419:419 -> shouldOverrideUrlLoading
    24:32:boolean kotlin.text.StringsKt__StringsJVMKt.startsWith$default(java.lang.String,java.lang.String,boolean,int,java.lang.Object):416 -> shouldOverrideUrlLoading
    24:32:boolean shouldOverrideUrlLoading(android.webkit.WebView,android.webkit.WebResourceRequest):74 -> shouldOverrideUrlLoading
    33:36:boolean shouldOverrideUrlLoading(android.webkit.WebView,android.webkit.WebResourceRequest):76:76 -> shouldOverrideUrlLoading
    37:44:boolean shouldOverrideUrlLoading(android.webkit.WebView,android.webkit.WebResourceRequest):77:77 -> shouldOverrideUrlLoading
...
androidx.emoji2.text.EmojiExclusions -> R8$$REMOVED$$CLASS$$53:
# {"id":"sourceFile","fileName":"EmojiExclusions.java"}
androidx.emoji2.text.EmojiExclusions$EmojiExclusions_Api34 -> androidx.emoji2.text.n:
# {"id":"sourceFile","fileName":"EmojiExclusions.java"}
    1:5:java.util.Set getExclusions():50:50 -> a
androidx.emoji2.text.EmojiProcessor$CodepointIndexFinder -> R8$$REMOVED$$CLASS$$54:
# {"id":"sourceFile","fileName":"EmojiProcessor.java"}
androidx.emoji2.text.EmojiProcessor$EmojiProcessCallback -> androidx.emoji2.text.o:
# {"id":"sourceFile","fileName":"EmojiProcessor.java"}
    boolean handleEmoji(java.lang.CharSequence,int,int,androidx.emoji2.text.TypefaceEmojiRasterizer) -> c
      # {"id":"com.android.tools.r8.residualsignature","signature":"(Ljava/lang/CharSequence;IILandroidx/emoji2/text/w;)Z"}
    java.lang.Object getResult() -> i
androidx.emoji2.text.EmojiProcessor$ProcessorSm -> androidx.emoji2.text.p:
# {"id":"sourceFile","fileName":"EmojiProcessor.java"}
    int mState -> a
    androidx.emoji2.text.MetadataRepo$Node mRootNode -> b
      # {"id":"com.android.tools.r8.residualsignature","signature":"Landroidx/emoji2/text/s;"}
    androidx.emoji2.text.MetadataRepo$Node mCurrentNode -> c
      # {"id":"com.android.tools.r8.residualsignature","signature":"Landroidx/emoji2/text/s;"}
    androidx.emoji2.text.MetadataRepo$Node mFlushNode -> d
      # {"id":"com.android.tools.r8.residualsignature","signature":"Landroidx/emoji2/text/s;"}
    int mLastCodepoint -> e
    int mCurrentDepth -> f
    1:4:void <init>(androidx.emoji2.text.MetadataRepo$Node,boolean,int[]):646:646 -> <init>
      # {"id":"com.android.tools.r8.residualsignature","signature":"(Landroidx/emoji2/text/s;)V"}
    5:6:void <init>(androidx.emoji2.text.MetadataRepo$Node,boolean,int[]):607:607 -> <init>
    7:8:void <init>(androidx.emoji2.text.MetadataRepo$Node,boolean,int[]):647:647 -> <init>
    9:11:void <init>(androidx.emoji2.text.MetadataRepo$Node,boolean,int[]):648:648 -> <init>
    2:3:int reset():706:706 -> a
      # {"id":"com.android.tools.r8.residualsignature","signature":"()V"}
    4:8:int reset():707:707 -> a
    9:11:int reset():708:708 -> a
    1:2:boolean shouldUseEmojiPresentationStyleForSingleCodepoint():739:739 -> b
androidx.emoji2.text.EmojiSpan -> R8$$REMOVED$$CLASS$$55:
# {"id":"sourceFile","fileName":"EmojiSpan.java"}
androidx.emoji2.text.FontRequestEmojiCompatConfig -> androidx.emoji2.text.r:
# {"id":"sourceFile","fileName":"FontRequestEmojiCompatConfig.java"}
    androidx.emoji2.text.EmojiCompat$MetadataRepoLoader androidx.emoji2.text.EmojiCompat$Config.mMetadataLoader -> a
      # {"id":"com.android.tools.r8.residualsignature","signature":"Landroidx/emoji2/text/i;"}
    int androidx.emoji2.text.EmojiCompat$Config.mMetadataLoadStrategy -> b
    androidx.emoji2.text.EmojiCompat$GlyphChecker androidx.emoji2.text.EmojiCompat$Config.mGlyphChecker -> c
      # {"id":"com.android.tools.r8.residualsignature","signature":"Landroidx/emoji2/text/d;"}
    androidx.emoji2.text.FontRequestEmojiCompatConfig$FontProviderHelper DEFAULT_FONTS_CONTRACT -> d
      # {"id":"com.android.tools.r8.residualsignature","signature":"LI/c;"}
    1:4:void <clinit>():442:442 -> <clinit>
    5:7:void androidx.emoji2.text.FontRequestEmojiCompatConfig$FontProviderHelper.<init>():412:412 -> <clinit>
    5:7:void <clinit>():442 -> <clinit>
    8:10:void <clinit>():442:442 -> <clinit>
    1:4:void androidx.emoji2.text.EmojiCompat$Config.<init>(androidx.emoji2.text.EmojiCompat$MetadataRepoLoader):1373:1373 -> <init>
      # {"id":"com.android.tools.r8.residualsignature","signature":"(Landroidx/emoji2/text/i;)V"}
    5:6:void androidx.emoji2.text.EmojiCompat$Config.<init>(androidx.emoji2.text.EmojiCompat$MetadataRepoLoader):1362:1362 -> <init>