android/app/build/outputs/mapping/release/usage.txt
kotlin.ExceptionsKt__ExceptionsKt
kotlin.Function
kotlin.KotlinNothingValueException
kotlin.Lazy:
    public abstract java.lang.Object getValue()
kotlin.LazyKt
kotlin.LazyKt__LazyJVMKt
kotlin.LazyKt__LazyKt
kotlin.NoWhenBranchMatchedException
kotlin.Pair:
    public static java.lang.Object component1()
    public static java.lang.Object component2()
    public static java.lang.Object getFirst()
    public static java.lang.Object getSecond()
kotlin.Result$Companion
kotlin.Result$Failure
kotlin.Result
kotlin.ResultKt
kotlin.SynchronizedLazyImpl:
    public static boolean isInitialized()
kotlin.TuplesKt
kotlin.collections.AbstractCollection$$InternalSyntheticLambda$1$28759260d93b6ac0eabbf2dfea3868b693cfd4794fca89a05954fe9c11118a3b$0
kotlin.collections.AbstractCollection
kotlin.collections.AbstractList$Companion:
    public static void checkElementIndex$kotlin_stdlib()
    public static void checkPositionIndex$kotlin_stdlib()
    public static int newCapacity$kotlin_stdlib()
    public static boolean orderedEquals$kotlin_stdlib()
    public static int orderedHashCode$kotlin_stdlib()
kotlin.collections.AbstractList$IteratorImpl
kotlin.collections.AbstractList$ListIteratorImpl
kotlin.collections.AbstractList$SubList
kotlin.collections.AbstractList
kotlin.collections.AbstractMutableList:
    public abstract int getSize()
    public abstract java.lang.Object removeAt()
kotlin.collections.ArrayAsCollection:
    public final boolean isVarargs
    public final int getSize()
kotlin.collections.ArrayDeque$Companion
kotlin.collections.ArrayDeque:
    public static final kotlin.collections.ArrayDeque$Companion Companion
    public static void copyElements()
    public final int decremented(int)
    public final int getSize()
    public final java.lang.Object removeAt()
    public static void removeRangeShiftPreceding()
    public static void removeRangeShiftSucceeding()
kotlin.collections.ArraysKt
kotlin.collections.ArraysKt___ArraysJvmKt:
    public static final java.util.List asList(java.lang.Object[])
    public static final void fill(java.lang.Object[],int,int)
kotlin.collections.ArraysKt___ArraysKt
kotlin.collections.ArraysUtilJVM
kotlin.collections.CollectionsKt
kotlin.collections.CollectionsKt__CollectionsKt
kotlin.collections.CollectionsKt__IterablesKt
kotlin.collections.CollectionsKt__IteratorsJVMKt
kotlin.collections.CollectionsKt__IteratorsKt
kotlin.collections.CollectionsKt__MutableCollectionsJVMKt
kotlin.collections.CollectionsKt__MutableCollectionsKt
kotlin.collections.CollectionsKt__ReversedViewsKt
kotlin.collections.CollectionsKt___CollectionsJvmKt
kotlin.collections.CollectionsKt___CollectionsKt
kotlin.collections.EmptyIterator:
    public static java.lang.Void next()
    public static java.lang.Void previous()
kotlin.collections.EmptyList:
    public final boolean contains()
    public static java.lang.Void get()
    public final int getSize()
    public static int indexOf()
    public static int lastIndexOf()
kotlin.collections.EmptyMap:
    public static boolean containsValue()
    public static java.lang.Void get$1()
    public static java.util.Set getEntries()
    public static java.util.Set getKeys()
    public final int getSize()
    public static java.util.Collection getValues()
    public static java.lang.Void remove()
kotlin.collections.EmptySet:
    public final boolean contains()
    public final int getSize()
kotlin.collections.IntIterator
kotlin.collections.MapsKt
kotlin.collections.MapsKt__MapsKt:
    public static java.util.Map emptyMap()
kotlin.collections.MapsKt___MapsJvmKt
kotlin.collections.MapsKt___MapsKt
kotlin.collections.SetsKt
kotlin.collections.SetsKt__SetsJVMKt
kotlin.collections.SetsKt__SetsKt
kotlin.collections.SetsKt___SetsKt
kotlin.comparisons.ComparisonsKt
kotlin.comparisons.ComparisonsKt__ComparisonsKt
kotlin.comparisons.ComparisonsKt___ComparisonsJvmKt
kotlin.comparisons.ComparisonsKt___ComparisonsKt
kotlin.coroutines.AbstractCoroutineContextElement